#
# There is insufficient memory for the Java Runtime Environment to continue.
# Native memory allocation (mmap) failed to map 264241152 bytes for G1 virtual space
# Possible reasons:
#   The system is out of physical RAM or swap space
#   The process is running with CompressedOops enabled, and the Java Heap may be blocking the growth of the native heap
# Possible solutions:
#   Reduce memory load on the system
#   Increase physical memory or swap space
#   Check if swap backing store is full
#   Decrease Java heap size (-Xmx/-Xms)
#   Decrease number of Java threads
#   Decrease Java thread stack sizes (-Xss)
#   Set larger code cache with -XX:ReservedCodeCacheSize=
#   JVM is running with Zero Based Compressed Oops mode in which the Java heap is
#     placed in the first 32GB address space. The Java Heap base address is the
#     maximum limit for the native heap growth. Please use -XX:HeapBaseMinAddress
#     to set the Java Heap base and to place the Java Heap above 32GB virtual address.
# This output file may be truncated or incomplete.
#
#  Out of Memory Error (os_windows.cpp:3541), pid=19432, tid=4848
#
# JRE version:  (17.0.4.1+1) (build )
# Java VM: OpenJDK 64-Bit Server VM (17.0.4.1+1, mixed mode, sharing, tiered, compressed oops, compressed class ptrs, g1 gc, windows-amd64)
# No core dump will be written. Minidumps are not enabled by default on client versions of Windows
#

---------------  S U M M A R Y ------------

Command Line: -Dfile.encoding=UTF-8 --module-path=C:\Users\ronit\eclipse-workspace\CST_3170_CW3\bin -XX:+ShowCodeDetailsInExceptionMessages -Djdk.module.main=CST_3170_CW3 CST_3170_CW3/chatBotAgent.pandemic

Host: 12th Gen Intel(R) Core(TM) i5-12450H, 12 cores, 15G,  Windows 11 , 64 bit Build 22621 (10.0.22621.1344)
Time: Sun Apr  2 22:23:30 2023 GMT Daylight Time elapsed time: 0.007792 seconds (0d 0h 0m 0s)

---------------  T H R E A D  ---------------

Current thread (0x0000017ff661a530):  JavaThread "Unknown thread" [_thread_in_vm, id=4848, stack(0x0000003f72000000,0x0000003f72100000)]

Stack: [0x0000003f72000000,0x0000003f72100000]
Native frames: (J=compiled Java code, j=interpreted, Vv=VM code, C=native code)
V  [jvm.dll+0x67731a]
V  [jvm.dll+0x832284]
V  [jvm.dll+0x833a2e]
V  [jvm.dll+0x834093]
V  [jvm.dll+0x245775]
V  [jvm.dll+0x674209]
V  [jvm.dll+0x668a92]
V  [jvm.dll+0x30471b]
V  [jvm.dll+0x30bc66]
V  [jvm.dll+0x35ba9e]
V  [jvm.dll+0x35bccf]
V  [jvm.dll+0x2db5b8]
V  [jvm.dll+0x2dc524]
V  [jvm.dll+0x803db1]
V  [jvm.dll+0x3698f1]
V  [jvm.dll+0x7e31bc]
V  [jvm.dll+0x3ec25f]
V  [jvm.dll+0x3edde1]
C  [jli.dll+0x5277]
C  [ucrtbase.dll+0x29363]
C  [KERNEL32.DLL+0x126bd]
C  [ntdll.dll+0x5a9f8]


---------------  P R O C E S S  ---------------

Threads class SMR info:
_java_thread_list=0x00007ffa111a4e98, length=0, elements={
}

Java Threads: ( => current thread )

Other Threads:
  0x0000017ff6687040 GCTaskThread "GC Thread#0" [stack: 0x0000003f72100000,0x0000003f72200000] [id=13988]
  0x0000017ff6697a50 ConcurrentGCThread "G1 Main Marker" [stack: 0x0000003f72200000,0x0000003f72300000] [id=18624]
  0x0000017ff6699470 ConcurrentGCThread "G1 Conc#0" [stack: 0x0000003f72300000,0x0000003f72400000] [id=16388]

[error occurred during error reporting (printing all threads), id 0xc0000005, EXCEPTION_ACCESS_VIOLATION (0xc0000005) at pc=0x00007ffa1097c047]

VM state: not at safepoint (not fully initialized)

VM Mutex/Monitor currently owned by a thread:  ([mutex/lock_event])
[0x0000017ff66164a0] Heap_lock - owner thread: 0x0000017ff661a530

Heap address: 0x0000000705200000, size: 4014 MB, Compressed Oops mode: Zero based, Oop shift amount: 3

CDS archive(s) mapped at: [0x0000000000000000-0x0000000000000000-0x0000000000000000), size 0, SharedBaseAddress: 0x0000000800000000, ArchiveRelocationMode: 0.
Narrow klass base: 0x0000000000000000, Narrow klass shift: 0, Narrow klass range: 0x0

GC Precious Log:
<Empty>

Heap:
 garbage-first heap   total 0K, used 0K [0x0000000705200000, 0x0000000800000000)
  region size 2048K, 0 young (0K), 0 survivors (0K)

[error occurred during error reporting (printing heap information), id 0xc0000005, EXCEPTION_ACCESS_VIOLATION (0xc0000005) at pc=0x00007ffa10d60699]

GC Heap History (0 events):
No events

Deoptimization events (0 events):
No events

Classes unloaded (0 events):
No events

Classes redefined (0 events):
No events

Internal exceptions (0 events):
No events

VM Operations (0 events):
No events

Events (1 events):
Event: 0.005 Loaded shared library C:\Program Files\Eclipse Adoptium\jdk-17.0.4.101-hotspot\bin\java.dll


Dynamic libraries:
0x00007ff799960000 - 0x00007ff79996e000 	C:\Program Files\Eclipse Adoptium\jdk-17.0.4.101-hotspot\bin\javaw.exe
0x00007ffa929b0000 - 0x00007ffa92bc4000 	C:\WINDOWS\SYSTEM32\ntdll.dll
0x00007ffa91d30000 - 0x00007ffa91df3000 	C:\WINDOWS\System32\KERNEL32.DLL
0x00007ffa902b0000 - 0x00007ffa9064c000 	C:\WINDOWS\System32\KERNELBASE.dll
0x00007ffa8fdf0000 - 0x00007ffa8ff01000 	C:\WINDOWS\System32\ucrtbase.dll
0x00007ffa5c240000 - 0x00007ffa5c259000 	C:\Program Files\Eclipse Adoptium\jdk-17.0.4.101-hotspot\bin\VCRUNTIME140.dll
0x00007ffa5c220000 - 0x00007ffa5c238000 	C:\Program Files\Eclipse Adoptium\jdk-17.0.4.101-hotspot\bin\jli.dll
0x00007ffa910b0000 - 0x00007ffa9125d000 	C:\WINDOWS\System32\USER32.dll
0x00007ffa90280000 - 0x00007ffa902a6000 	C:\WINDOWS\System32\win32u.dll
0x00007ffa91080000 - 0x00007ffa910a9000 	C:\WINDOWS\System32\GDI32.dll
0x00007ffa66e90000 - 0x00007ffa6711e000 	C:\WINDOWS\WinSxS\amd64_microsoft.windows.common-controls_6595b64144ccf1df_6.0.22621.608_none_a9444ca7c10bb01d\COMCTL32.dll
0x00007ffa8ff80000 - 0x00007ffa90093000 	C:\WINDOWS\System32\gdi32full.dll
0x00007ffa912e0000 - 0x00007ffa91387000 	C:\WINDOWS\System32\msvcrt.dll
0x00007ffa900a0000 - 0x00007ffa9013a000 	C:\WINDOWS\System32\msvcp_win.dll
0x00007ffa91e00000 - 0x00007ffa91e31000 	C:\WINDOWS\System32\IMM32.DLL
0x00007ffa74980000 - 0x00007ffa7498c000 	C:\Program Files\Eclipse Adoptium\jdk-17.0.4.101-hotspot\bin\vcruntime140_1.dll
0x00007ffa11360000 - 0x00007ffa113f1000 	C:\Program Files\Eclipse Adoptium\jdk-17.0.4.101-hotspot\bin\msvcp140.dll
0x00007ffa10690000 - 0x00007ffa112d6000 	C:\Program Files\Eclipse Adoptium\jdk-17.0.4.101-hotspot\bin\server\jvm.dll
0x00007ffa92180000 - 0x00007ffa9222e000 	C:\WINDOWS\System32\ADVAPI32.dll
0x00007ffa907c0000 - 0x00007ffa90864000 	C:\WINDOWS\System32\sechost.dll
0x00007ffa92040000 - 0x00007ffa92155000 	C:\WINDOWS\System32\RPCRT4.dll
0x00007ffa91d20000 - 0x00007ffa91d28000 	C:\WINDOWS\System32\PSAPI.DLL
0x00007ffa84fd0000 - 0x00007ffa84fda000 	C:\WINDOWS\SYSTEM32\VERSION.dll
0x00007ffa839f0000 - 0x00007ffa83a24000 	C:\WINDOWS\SYSTEM32\WINMM.dll
0x00007ffa8c1a0000 - 0x00007ffa8c1a9000 	C:\WINDOWS\SYSTEM32\WSOCK32.dll
0x00007ffa91390000 - 0x00007ffa91401000 	C:\WINDOWS\System32\WS2_32.dll
0x00007ffa8eee0000 - 0x00007ffa8eef8000 	C:\WINDOWS\SYSTEM32\kernel.appcore.dll
0x00007ffa8acd0000 - 0x00007ffa8acda000 	C:\Program Files\Eclipse Adoptium\jdk-17.0.4.101-hotspot\bin\jimage.dll
0x00007ffa8d500000 - 0x00007ffa8d72e000 	C:\WINDOWS\SYSTEM32\DBGHELP.DLL
0x00007ffa90cf0000 - 0x00007ffa91079000 	C:\WINDOWS\System32\combase.dll
0x00007ffa91e40000 - 0x00007ffa91f17000 	C:\WINDOWS\System32\OLEAUT32.dll
0x00007ffa827f0000 - 0x00007ffa82822000 	C:\WINDOWS\SYSTEM32\dbgcore.DLL
0x00007ffa90140000 - 0x00007ffa901bb000 	C:\WINDOWS\System32\bcryptPrimitives.dll
0x00007ffa77800000 - 0x00007ffa77825000 	C:\Program Files\Eclipse Adoptium\jdk-17.0.4.101-hotspot\bin\java.dll

dbghelp: loaded successfully - version: 4.0.5 - missing functions: none
symbol engine: initialized successfully - sym options: 0x614 - pdb path: .;C:\Program Files\Eclipse Adoptium\jdk-17.0.4.101-hotspot\bin;C:\WINDOWS\SYSTEM32;C:\WINDOWS\WinSxS\amd64_microsoft.windows.common-controls_6595b64144ccf1df_6.0.22621.608_none_a9444ca7c10bb01d;C:\Program Files\Eclipse Adoptium\jdk-17.0.4.101-hotspot\bin\server

VM Arguments:
jvm_args: -Dfile.encoding=UTF-8 --module-path=C:\Users\ronit\eclipse-workspace\CST_3170_CW3\bin -XX:+ShowCodeDetailsInExceptionMessages -Djdk.module.main=CST_3170_CW3 
java_command: CST_3170_CW3/chatBotAgent.pandemic
java_class_path (initial): <not set>
Launcher Type: SUN_STANDARD

[Global flags]
     intx CICompilerCount                          = 4                                         {product} {ergonomic}
     uint ConcGCThreads                            = 3                                         {product} {ergonomic}
     uint G1ConcRefinementThreads                  = 10                                        {product} {ergonomic}
   size_t G1HeapRegionSize                         = 2097152                                   {product} {ergonomic}
    uintx GCDrainStackTargetSize                   = 64                                        {product} {ergonomic}
   size_t InitialHeapSize                          = 264241152                                 {product} {ergonomic}
   size_t MarkStackSize                            = 4194304                                   {product} {ergonomic}
   size_t MaxHeapSize                              = 4208984064                                {product} {ergonomic}
   size_t MinHeapDeltaBytes                        = 2097152                                   {product} {ergonomic}
   size_t MinHeapSize                              = 8388608                                   {product} {ergonomic}
    uintx NonNMethodCodeHeapSize                   = 5839372                                {pd product} {ergonomic}
    uintx NonProfiledCodeHeapSize                  = 122909434                              {pd product} {ergonomic}
    uintx ProfiledCodeHeapSize                     = 122909434                              {pd product} {ergonomic}
    uintx ReservedCodeCacheSize                    = 251658240                              {pd product} {ergonomic}
     bool SegmentedCodeCache                       = true                                      {product} {ergonomic}
     bool ShowCodeDetailsInExceptionMessages       = true                                   {manageable} {command line}
   size_t SoftMaxHeapSize                          = 4208984064                             {manageable} {ergonomic}
     bool UseCompressedClassPointers               = true                           {product lp64_product} {ergonomic}
     bool UseCompressedOops                        = true                           {product lp64_product} {ergonomic}
     bool UseG1GC                                  = true                                      {product} {ergonomic}
     bool UseLargePagesIndividualAllocation        = false                                  {pd product} {ergonomic}

Logging:
Log output configuration:
 #0: stdout all=warning uptime,level,tags
 #1: stderr all=off uptime,level,tags

Environment Variables:
JAVA_HOME=C:\Program Files\Eclipse Adoptium\jdk-17.0.4.101-hotspot\
PATH=C:/Program Files/Eclipse Adoptium/jdk-17.0.4.101-hotspot/bin/server;C:/Program Files/Eclipse Adoptium/jdk-17.0.4.101-hotspot/bin;C:\Program Files\Eclipse Adoptium\jdk-17.0.4.101-hotspot\bin;C:\Program Files (x86)\VMware\VMware Player\bin\;C:\WINDOWS\system32;C:\WINDOWS;C:\WINDOWS\System32\Wbem;C:\WINDOWS\System32\WindowsPowerShell\v1.0\;C:\WINDOWS\System32\OpenSSH\;C:\Program Files\Git\cmd;C:\Program Files\nodejs\;C:\ProgramData\chocolatey\bin;C:\xampp\php;C:\ProgramData\ComposerSetup\bin;C:\Program Files\Cloudflare\Cloudflare WARP\;C:\Program Files\NVIDIA Corporation\NVIDIA NvDLISR;C:\Program Files (x86)\NVIDIA Corporation\PhysX\Common;C:\Users\ronit\AppData\Local\Programs\Python\Python310\Scripts\;C:\Users\ronit\AppData\Local\Programs\Python\Python310\;C:\Users\ronit\AppData\Local\Microsoft\WindowsApps;C:\Users\ronit\AppData\Local\Programs\Microsoft VS Code\bin;C:\Users\ronit\AppData\Roaming\npm;C:\Users\ronit\AppData\Local\GitHubDesktop\bin;C:\Users\ronit\AppData\Roaming\Composer\vendor\bin;C:\ffmpeg\bin;;C:\WINDOWS\System32;
USERNAME=ronit
OS=Windows_NT
PROCESSOR_IDENTIFIER=Intel64 Family 6 Model 154 Stepping 3, GenuineIntel
TMP=C:\Users\ronit\AppData\Local\Temp
TEMP=C:\Users\ronit\AppData\Local\Temp



---------------  S Y S T E M  ---------------

OS:
 Windows 11 , 64 bit Build 22621 (10.0.22621.1344)
OS uptime: 1 days 1:30 hours
Hyper-V role detected

CPU: total 12 (initial active 12) (6 cores per cpu, 2 threads per core) family 6 model 154 stepping 3 microcode 0x423, cx8, cmov, fxsr, ht, mmx, 3dnowpref, sse, sse2, sse3, ssse3, sse4.1, sse4.2, popcnt, lzcnt, tsc, tscinvbit, avx, avx2, aes, erms, clmul, bmi1, bmi2, adx, sha, fma, vzeroupper, clflush, clflushopt, clwb, hv

Memory: 4k page, system-wide physical 16052M (8015M free)
TotalPageFile size 18954M (AvailPageFile size 5M)
current process WorkingSet (physical memory assigned to process): 11M, peak: 11M
current process commit charge ("private bytes"): 64M, peak: 316M

vm_info: OpenJDK 64-Bit Server VM (17.0.4.1+1) for windows-amd64 JRE (17.0.4.1+1), built on Aug 17 2022 07:42:43 by "temurin" with MS VC++ 16.7 (VS2019)

END.
